<!DOCTYPE html >
 <html lang = "en" >
    <head >
      <meta charset = "utf-8" />
     </head >
     <body >
       <pre class="mermaid">
graph TD
    Logic1["Question #1 What state are you in?"]
    Logic2["Question #2 Generic Info page"]
    Logic3["Question #3 Do you pay rent?"]
    Logic4["Question #4 How much do you pay in rent?"]
    Logic5["Question #5 Where are you at in the process?"]
    Logic6["Question #6 Have you considered a home buying plan?"]
    Logic7["Question #7 What is the Purchase Price of the home you want?"]
    Logic8["Question #8 Are you working with a Realtor? "]
    Logic9["Question #9 Get a Prequalification"]
    Logic10["Question #10 Start a home Buying Plan"]
    Logic1--" "-->Logic2
    Logic2--"exact mi"-->Logic7
    Logic2--"any"-->Logic5
    Logic3--"exact yes"-->Logic4
    Logic3--"exact no"-->Logic6
    Logic4--"any"-->Logic6
    Logic5--"any"-->Logic3
    Logic6--"exact yes"-->Logic10
    Logic6--"exact no"-->Logic9
    Logic7--"any"-->Logic8
    Logic8--"any"-->Logic3
    Logic9--" "-->Logic10

</pre>
    <script type = "module" >
        import mermaid from 'https://cdn.jsdelivr.net/npm/mermaid@10/dist/mermaid.esm.min.mjs';
        mermaid.initialize({startOnLoad: true });
    </script >
  </body >
</html >
